生成启动时间为 2020/12/14/星期一 下午 8:52:19。
     1>项目“E:\Bite_learn\practice\test_12_14\三子棋\扫雷\扫雷.vcxproj”在节点 2 上(Build 个目标)。
     1>ClCompile:
         D:\Program Files (x86)\Microsoft Visual Studio 12.0\VC\bin\CL.exe /c /ZI /nologo /W3 /WX- /sdl /Od /Oy- /D _UNICODE /D UNICODE /Gm /EHsc /RTC1 /MDd /GS /fp:precise /Zc:wchar_t /Zc:forScope /Fo"Debug\\" /Fd"Debug\vc120.pdb" /Gd /TC /analyze- /errorReport:prompt test.c
         test.c
     1>e:\bite_learn\practice\test_12_14\三子棋\扫雷\test.c(30): warning C4047: “函数”:“char *”与“char [9][9]”的间接级别不同
     1>e:\bite_learn\practice\test_12_14\三子棋\扫雷\test.c(30): warning C4024: “Init”: 形参和实参 1 的类型不同
     1>e:\bite_learn\practice\test_12_14\三子棋\扫雷\test.c(30): warning C4047: “函数”:“char *”与“char [11][11]”的间接级别不同
     1>e:\bite_learn\practice\test_12_14\三子棋\扫雷\test.c(30): warning C4024: “Init”: 形参和实参 2 的类型不同
     1>e:\bite_learn\practice\test_12_14\三子棋\扫雷\test.c(32): warning C4047: “函数”:“char *”与“char [11][11]”的间接级别不同
     1>e:\bite_learn\practice\test_12_14\三子棋\扫雷\test.c(32): warning C4024: “DL_Display”: 形参和实参 1 的类型不同
     1>e:\bite_learn\practice\test_12_14\三子棋\扫雷\test.c(34): warning C4047: “函数”:“char *”与“char [9][9]”的间接级别不同
     1>e:\bite_learn\practice\test_12_14\三子棋\扫雷\test.c(34): warning C4024: “Display”: 形参和实参 1 的类型不同
     1>e:\bite_learn\practice\test_12_14\三子棋\扫雷\test.c(36): warning C4047: “函数”:“char *”与“char [9][9]”的间接级别不同
     1>e:\bite_learn\practice\test_12_14\三子棋\扫雷\test.c(36): warning C4024: “Game”: 形参和实参 1 的类型不同
     1>e:\bite_learn\practice\test_12_14\三子棋\扫雷\test.c(36): warning C4047: “函数”:“char *”与“char [11][11]”的间接级别不同
     1>e:\bite_learn\practice\test_12_14\三子棋\扫雷\test.c(36): warning C4024: “Game”: 形参和实参 2 的类型不同
       Link:
         D:\Program Files (x86)\Microsoft Visual Studio 12.0\VC\bin\link.exe /ERRORREPORT:PROMPT /OUT:"E:\Bite_learn\practice\test_12_14\三子棋\Debug\扫雷.exe" /INCREMENTAL /NOLOGO kernel32.lib user32.lib gdi32.lib winspool.lib comdlg32.lib advapi32.lib shell32.lib ole32.lib oleaut32.lib uuid.lib odbc32.lib odbccp32.lib /MANIFEST /MANIFESTUAC:"level='asInvoker' uiAccess='false'" /manifest:embed /DEBUG /PDB:"E:\Bite_learn\practice\test_12_14\三子棋\Debug\扫雷.pdb" /TLBID:1 /DYNAMICBASE /NXCOMPAT /IMPLIB:"E:\Bite_learn\practice\test_12_14\三子棋\Debug\扫雷.lib" /MACHINE:X86 Debug\test.obj
         扫雷.vcxproj -> E:\Bite_learn\practice\test_12_14\三子棋\Debug\扫雷.exe
     1>已完成生成项目“E:\Bite_learn\practice\test_12_14\三子棋\扫雷\扫雷.vcxproj”(Build 个目标)的操作。

生成成功。

已用时间 00:00:05.35
